<?xml version="1.0" encoding="UTF-8"?>
<!-- Generated by org.testng.reporters.JUnitReportReporter -->
<testsuite hostname="LAPTOP-JKEDK31S" failures="0" tests="1" name="BasePage.HasBooked" time="16.473" errors="0" timestamp="2021-08-25T19:18:37 IST" skipped="0">
  <testcase classname="BasePage.HasBooked" name="isSame" time="16.473"/>
  <system-out/>
</testsuite> <!-- BasePage.HasBooked -->
