<?xml version="1.0" encoding="UTF-8"?>
<!-- Generated by org.testng.reporters.JUnitReportReporter -->
<testsuite hostname="LAPTOP-JKEDK31S" failures="0" tests="1" name="BasePage.ValidateHeightNWidth" time="20.351" errors="0" timestamp="2021-08-25T19:12:59 IST" skipped="0">
  <testcase classname="BasePage.ValidateHeightNWidth" name="isSame" time="20.351"/>
  <system-out/>
</testsuite> <!-- BasePage.ValidateHeightNWidth -->
