<?xml version="1.0" encoding="UTF-8"?>
<!-- Generated by org.testng.reporters.JUnitReportReporter -->
<testsuite hostname="LAPTOP-JKEDK31S" failures="0" tests="1" name="BasePage.ValidateFields$ValidateHeightNWidth" time="13.945" errors="0" timestamp="2021-08-25T19:14:44 IST" skipped="0">
  <testcase classname="BasePage.ValidateFields$ValidateHeightNWidth" name="same" time="13.945"/>
  <system-out/>
</testsuite> <!-- BasePage.ValidateFields$ValidateHeightNWidth -->
