<?xml version="1.0" encoding="UTF-8"?>
<!-- Generated by org.testng.reporters.JUnitReportReporter -->
<testsuite hostname="LAPTOP-JKEDK31S" failures="0" tests="1" name="BasePage.validateGmail" time="11.423" errors="0" timestamp="2021-08-25T19:19:02 IST" skipped="0">
  <testcase classname="BasePage.validateGmail" name="isSame" time="11.423"/>
  <system-out/>
</testsuite> <!-- BasePage.validateGmail -->
